Arguments: 
  /usr/local/Cellar/node/9.8.0/bin/node /usr/local/Cellar/yarn/1.5.1_1/libexec/bin/yarn.js

PATH: 
  /usr/local/bin:/usr/bin:/bin:/usr/sbin:/sbin

Yarn version: 
  1.5.1

Node version: 
  9.8.0

Platform: 
  darwin x64

npm manifest: 
  {
    "name": "sesame-street-server",
    "version": "1.0.0",
    "description": "\"Created by Dana, Engie, Priya and Ruth",
    "main": "index.js",
    "scripts": {
      "start": "node server",
      "test": "jest --watchAll",
      "dev": "nodemon server"
    },
    "repository": {
      "type": "git",
      "url": "git+https://github.com/hiremathpriya/sesame-street-server.git"
    },
    "babel": {
      "presets": [
        "env"
      ]
    },
    "jest": {
      "setupFiles": [
        "./tests/client/setup-dom.js"
      ]
    },
    "author": "",
    "license": "ISC",
    "bugs": {
      "url": "https://github.com/Kokako-2018/GetCookies/issues"
    },
    "homepage": "https://github.com/Kokako-2018/GetCookies#readme",
    "dependencies": {
      "body-parser": "^1.18.2",
      "cors": "^2.8.4",
      "express": "^4.16.3",
      "json": "^9.0.6",
    },
    "devDependencies": {
      "jest": "^22.1.4",
      "jsdom": "^11.6.2",
      "nodemon": "^1.14.12",
      "supertest": "^3.0.0",
      "webpack": "^3.10.0",
      "webpack-dev-server": "^2.11.1"
    }
  }

yarn manifest: 
  No manifest

Lockfile: 
  No lockfile

Trace: 
  SyntaxError: /Users/priya/Workspace/sesame-street-server/package.json: Unexpected token } in JSON at position 800
      at JSON.parse (<anonymous>)
      at /usr/local/Cellar/yarn/1.5.1_1/libexec/lib/cli.js:1036:59
      at Generator.next (<anonymous>)
      at step (/usr/local/Cellar/yarn/1.5.1_1/libexec/lib/cli.js:98:30)
      at /usr/local/Cellar/yarn/1.5.1_1/libexec/lib/cli.js:109:13
      at <anonymous>
